
The following have been reloaded with a version change:
  1) GMP/6.1.2-GCC-6.2.0 => GMP/6.1.1-intel-2017.u2
  2) Python/2.7.13-GCC-6.2.0 => Python/2.7.11-intel-2017.u2
  3) SQLite/3.13.0-GCC-6.2.0 => SQLite/3.13.0-intel-2017.u2
  4) Tcl/8.6.5-GCC-6.2.0 => Tcl/8.6.7-intel-2017.u2
  5) bzip2/1.0.6-GCC-6.2.0 => bzip2/1.0.6-intel-2017.u2
  6) libffi/3.2.1-GCC-6.2.0 => libffi/3.2.1-intel-2017.u2
  7) libreadline/6.3-GCC-6.2.0 => libreadline/6.3-intel-2017.u2
  8) ncurses/6.0-GCC-6.2.0 => ncurses/6.0-intel-2017.u2
  9) zlib/1.2.8-GCC-6.2.0 => zlib/1.2.11-intel-2017.u2


The following have been reloaded with a version change:
  1) GMP/6.1.1-intel-2017.u2 => GMP/6.1.2-GCC-6.2.0
  2) Python/2.7.11-intel-2017.u2 => Python/2.7.13-GCC-6.2.0
  3) SQLite/3.13.0-intel-2017.u2 => SQLite/3.13.0-GCC-6.2.0
  4) Tcl/8.6.7-intel-2017.u2 => Tcl/8.6.5-GCC-6.2.0
  5) bzip2/1.0.6-intel-2017.u2 => bzip2/1.0.6-GCC-6.2.0
  6) libffi/3.2.1-intel-2017.u2 => libffi/3.2.1-GCC-6.2.0
  7) libreadline/6.3-intel-2017.u2 => libreadline/6.3-GCC-6.2.0
  8) ncurses/6.0-intel-2017.u2 => ncurses/6.0-GCC-6.2.0
  9) zlib/1.2.11-intel-2017.u2 => zlib/1.2.8-GCC-6.2.0


The following have been reloaded with a version change:
  1) Python/2.7.13-GCC-6.2.0 => Python/2.7.13-intel-2017.u2
  2) SQLite/3.13.0-GCC-6.2.0 => SQLite/3.13.0-intel-2017.u2
  3) Tcl/8.6.5-GCC-6.2.0 => Tcl/8.6.5-intel-2017.u2
  4) bzip2/1.0.6-GCC-6.2.0 => bzip2/1.0.6-intel-2017.u2
  5) libffi/3.2.1-GCC-6.2.0 => libffi/3.2.1-intel-2017.u2
  6) libreadline/6.3-GCC-6.2.0 => libreadline/6.3-intel-2017.u2
  7) ncurses/6.0-GCC-6.2.0 => ncurses/6.0-intel-2017.u2
  8) zlib/1.2.8-GCC-6.2.0 => zlib/1.2.8-intel-2017.u2


The following have been reloaded with a version change:
  1) bzip2/1.0.6-intel-2017.u2 => bzip2/1.0.6-GCC-6.2.0
  2) ncurses/6.0-intel-2017.u2 => ncurses/6.0-GCC-6.2.0
  3) zlib/1.2.8-intel-2017.u2 => zlib/1.2.8-GCC-6.2.0


The following have been reloaded with a version change:
  1) FFTW/3.3.7-intel-2017.u2 => FFTW/3.3.7-spartan_gompi-GCC-6.2.0-OpenMPI-3.0.0
  2) zlib/1.2.8-GCC-6.2.0 => zlib/1.2.11-spartan_gcc-6.2.0

Using TensorFlow backend.
2020-09-19 01:12:55.200537: I tensorflow/core/platform/cpu_feature_guard.cc:141] Your CPU supports instructions that this TensorFlow binary was not compiled to use: AVX2 FMA
2020-09-19 01:12:55.372943: I tensorflow/core/common_runtime/gpu/gpu_device.cc:1411] Found device 0 with properties: 
name: Tesla P100-PCIE-12GB major: 6 minor: 0 memoryClockRate(GHz): 1.3285
pciBusID: 0000:03:00.0
totalMemory: 11.91GiB freeMemory: 11.66GiB
2020-09-19 01:12:55.474872: I tensorflow/core/common_runtime/gpu/gpu_device.cc:1411] Found device 1 with properties: 
name: Tesla P100-PCIE-12GB major: 6 minor: 0 memoryClockRate(GHz): 1.3285
pciBusID: 0000:04:00.0
totalMemory: 11.91GiB freeMemory: 11.66GiB
2020-09-19 01:12:55.595471: I tensorflow/core/common_runtime/gpu/gpu_device.cc:1411] Found device 2 with properties: 
name: Tesla P100-PCIE-12GB major: 6 minor: 0 memoryClockRate(GHz): 1.3285
pciBusID: 0000:82:00.0
totalMemory: 11.91GiB freeMemory: 11.66GiB
2020-09-19 01:12:55.699816: I tensorflow/core/common_runtime/gpu/gpu_device.cc:1411] Found device 3 with properties: 
name: Tesla P100-PCIE-12GB major: 6 minor: 0 memoryClockRate(GHz): 1.3285
pciBusID: 0000:83:00.0
totalMemory: 11.91GiB freeMemory: 11.66GiB
2020-09-19 01:12:55.702284: I tensorflow/core/common_runtime/gpu/gpu_device.cc:1490] Adding visible gpu devices: 0, 1, 2, 3
2020-09-19 01:13:06.862779: I tensorflow/core/common_runtime/gpu/gpu_device.cc:971] Device interconnect StreamExecutor with strength 1 edge matrix:
2020-09-19 01:13:06.862883: I tensorflow/core/common_runtime/gpu/gpu_device.cc:977]      0 1 2 3 
2020-09-19 01:13:06.862902: I tensorflow/core/common_runtime/gpu/gpu_device.cc:990] 0:   N Y N N 
2020-09-19 01:13:06.862914: I tensorflow/core/common_runtime/gpu/gpu_device.cc:990] 1:   Y N N N 
2020-09-19 01:13:06.862925: I tensorflow/core/common_runtime/gpu/gpu_device.cc:990] 2:   N N N Y 
2020-09-19 01:13:06.866025: I tensorflow/core/common_runtime/gpu/gpu_device.cc:990] 3:   N N Y N 
2020-09-19 01:13:06.866266: I tensorflow/core/common_runtime/gpu/gpu_device.cc:1103] Created TensorFlow device (/job:localhost/replica:0/task:0/device:GPU:0 with 11283 MB memory) -> physical GPU (device: 0, name: Tesla P100-PCIE-12GB, pci bus id: 0000:03:00.0, compute capability: 6.0)
2020-09-19 01:13:06.930176: I tensorflow/core/common_runtime/gpu/gpu_device.cc:1103] Created TensorFlow device (/job:localhost/replica:0/task:0/device:GPU:1 with 11283 MB memory) -> physical GPU (device: 1, name: Tesla P100-PCIE-12GB, pci bus id: 0000:04:00.0, compute capability: 6.0)
2020-09-19 01:13:06.994150: I tensorflow/core/common_runtime/gpu/gpu_device.cc:1103] Created TensorFlow device (/job:localhost/replica:0/task:0/device:GPU:2 with 11283 MB memory) -> physical GPU (device: 2, name: Tesla P100-PCIE-12GB, pci bus id: 0000:82:00.0, compute capability: 6.0)
2020-09-19 01:13:07.058441: I tensorflow/core/common_runtime/gpu/gpu_device.cc:1103] Created TensorFlow device (/job:localhost/replica:0/task:0/device:GPU:3 with 11283 MB memory) -> physical GPU (device: 3, name: Tesla P100-PCIE-12GB, pci bus id: 0000:83:00.0, compute capability: 6.0)
/data/projects/punim0614/andy/circuitSNP/models/models_seed=3/model(0+0)_replicate_0.h5
/data/projects/punim0614/andy/circuitSNP/models/models_seed=3/model(0+0)_replicate_1.h5
/data/projects/punim0614/andy/circuitSNP/models/models_seed=3/model(0+0)_replicate_2.h5
/data/projects/punim0614/andy/circuitSNP/models/models_seed=3/model(0+0)_replicate_3.h5
/data/projects/punim0614/andy/circuitSNP/models/models_seed=3/model(0+0)_replicate_4.h5
/data/projects/punim0614/andy/circuitSNP/models/models_seed=3/model(0+0)_replicate_5.h5
/data/projects/punim0614/andy/circuitSNP/models/models_seed=3/model(0+0)_replicate_6.h5
/data/projects/punim0614/andy/circuitSNP/models/models_seed=3/model(0+0)_replicate_7.h5
/data/projects/punim0614/andy/circuitSNP/models/models_seed=3/model(0+0)_replicate_8.h5
/data/projects/punim0614/andy/circuitSNP/models/models_seed=3/model(0+0)_replicate_9.h5
/data/projects/punim0614/andy/circuitSNP/models/models_seed=3/model(1+0)_replicate_0.h5
/data/projects/punim0614/andy/circuitSNP/models/models_seed=3/model(1+0)_replicate_1.h5
/data/projects/punim0614/andy/circuitSNP/models/models_seed=3/model(1+0)_replicate_2.h5
/data/projects/punim0614/andy/circuitSNP/models/models_seed=3/model(1+0)_replicate_3.h5
/data/projects/punim0614/andy/circuitSNP/models/models_seed=3/model(1+0)_replicate_4.h5
/data/projects/punim0614/andy/circuitSNP/models/models_seed=3/model(1+0)_replicate_5.h5
/data/projects/punim0614/andy/circuitSNP/models/models_seed=3/model(1+0)_replicate_6.h5
/data/projects/punim0614/andy/circuitSNP/models/models_seed=3/model(1+0)_replicate_7.h5
/data/projects/punim0614/andy/circuitSNP/models/models_seed=3/model(1+0)_replicate_8.h5
/data/projects/punim0614/andy/circuitSNP/models/models_seed=3/model(1+0)_replicate_9.h5
/data/projects/punim0614/andy/circuitSNP/models/models_seed=3/model(10+5)_replicate_0.h5
/data/projects/punim0614/andy/circuitSNP/models/models_seed=3/model(10+5)_replicate_1.h5
/data/projects/punim0614/andy/circuitSNP/models/models_seed=3/model(10+5)_replicate_2.h5
/data/projects/punim0614/andy/circuitSNP/models/models_seed=3/model(10+5)_replicate_3.h5
/data/projects/punim0614/andy/circuitSNP/models/models_seed=3/model(10+5)_replicate_4.h5
/data/projects/punim0614/andy/circuitSNP/models/models_seed=3/model(10+5)_replicate_5.h5
/data/projects/punim0614/andy/circuitSNP/models/models_seed=3/model(10+5)_replicate_6.h5
/data/projects/punim0614/andy/circuitSNP/models/models_seed=3/model(10+5)_replicate_7.h5
/data/projects/punim0614/andy/circuitSNP/models/models_seed=3/model(10+5)_replicate_8.h5
/data/projects/punim0614/andy/circuitSNP/models/models_seed=3/model(10+5)_replicate_9.h5
/data/projects/punim0614/andy/circuitSNP/models/models_seed=3/model(200+40)_replicate_0.h5
/data/projects/punim0614/andy/circuitSNP/models/models_seed=3/model(200+40)_replicate_1.h5
/data/projects/punim0614/andy/circuitSNP/models/models_seed=3/model(200+40)_replicate_2.h5
/data/projects/punim0614/andy/circuitSNP/models/models_seed=3/model(200+40)_replicate_3.h5
/data/projects/punim0614/andy/circuitSNP/models/models_seed=3/model(200+40)_replicate_4.h5
/data/projects/punim0614/andy/circuitSNP/models/models_seed=3/model(200+40)_replicate_5.h5
/data/projects/punim0614/andy/circuitSNP/models/models_seed=3/model(200+40)_replicate_6.h5
/data/projects/punim0614/andy/circuitSNP/models/models_seed=3/model(200+40)_replicate_7.h5
/data/projects/punim0614/andy/circuitSNP/models/models_seed=3/model(200+40)_replicate_8.h5
/data/projects/punim0614/andy/circuitSNP/models/models_seed=3/model(200+40)_replicate_9.h5
/data/projects/punim0614/andy/circuitSNP/models/models_seed=3/model(5+3)_replicate_0.h5
/data/projects/punim0614/andy/circuitSNP/models/models_seed=3/model(5+3)_replicate_1.h5
/data/projects/punim0614/andy/circuitSNP/models/models_seed=3/model(5+3)_replicate_2.h5
/data/projects/punim0614/andy/circuitSNP/models/models_seed=3/model(5+3)_replicate_3.h5
/data/projects/punim0614/andy/circuitSNP/models/models_seed=3/model(5+3)_replicate_4.h5
/data/projects/punim0614/andy/circuitSNP/models/models_seed=3/model(5+3)_replicate_5.h5
/data/projects/punim0614/andy/circuitSNP/models/models_seed=3/model(5+3)_replicate_6.h5
/data/projects/punim0614/andy/circuitSNP/models/models_seed=3/model(5+3)_replicate_7.h5
/data/projects/punim0614/andy/circuitSNP/models/models_seed=3/model(5+3)_replicate_8.h5
/data/projects/punim0614/andy/circuitSNP/models/models_seed=3/model(5+3)_replicate_9.h5
/data/projects/punim0614/andy/circuitSNP/models/models_seed=3/model(50+10)_replicate_0.h5
/data/projects/punim0614/andy/circuitSNP/models/models_seed=3/model(50+10)_replicate_1.h5
/data/projects/punim0614/andy/circuitSNP/models/models_seed=3/model(50+10)_replicate_2.h5
/data/projects/punim0614/andy/circuitSNP/models/models_seed=3/model(50+10)_replicate_3.h5
/data/projects/punim0614/andy/circuitSNP/models/models_seed=3/model(50+10)_replicate_4.h5
/data/projects/punim0614/andy/circuitSNP/models/models_seed=3/model(50+10)_replicate_5.h5
/data/projects/punim0614/andy/circuitSNP/models/models_seed=3/model(50+10)_replicate_6.h5
/data/projects/punim0614/andy/circuitSNP/models/models_seed=3/model(50+10)_replicate_7.h5
/data/projects/punim0614/andy/circuitSNP/models/models_seed=3/model(50+10)_replicate_8.h5
/data/projects/punim0614/andy/circuitSNP/models/models_seed=3/model(50+10)_replicate_9.h5
/data/projects/punim0614/andy/circuitSNP/models/models_seed=4/model(0+0)_replicate_0.h5
/data/projects/punim0614/andy/circuitSNP/models/models_seed=4/model(0+0)_replicate_1.h5
/data/projects/punim0614/andy/circuitSNP/models/models_seed=4/model(0+0)_replicate_2.h5
/data/projects/punim0614/andy/circuitSNP/models/models_seed=4/model(0+0)_replicate_3.h5
/data/projects/punim0614/andy/circuitSNP/models/models_seed=4/model(0+0)_replicate_4.h5
/data/projects/punim0614/andy/circuitSNP/models/models_seed=4/model(0+0)_replicate_5.h5
/data/projects/punim0614/andy/circuitSNP/models/models_seed=4/model(0+0)_replicate_6.h5
/data/projects/punim0614/andy/circuitSNP/models/models_seed=4/model(0+0)_replicate_7.h5
/data/projects/punim0614/andy/circuitSNP/models/models_seed=4/model(0+0)_replicate_8.h5
/data/projects/punim0614/andy/circuitSNP/models/models_seed=4/model(0+0)_replicate_9.h5
/data/projects/punim0614/andy/circuitSNP/models/models_seed=4/model(1+0)_replicate_0.h5
/data/projects/punim0614/andy/circuitSNP/models/models_seed=4/model(1+0)_replicate_1.h5
/data/projects/punim0614/andy/circuitSNP/models/models_seed=4/model(1+0)_replicate_2.h5
/data/projects/punim0614/andy/circuitSNP/models/models_seed=4/model(1+0)_replicate_3.h5
/data/projects/punim0614/andy/circuitSNP/models/models_seed=4/model(1+0)_replicate_4.h5
/data/projects/punim0614/andy/circuitSNP/models/models_seed=4/model(1+0)_replicate_5.h5
/data/projects/punim0614/andy/circuitSNP/models/models_seed=4/model(1+0)_replicate_6.h5
/data/projects/punim0614/andy/circuitSNP/models/models_seed=4/model(1+0)_replicate_7.h5
/data/projects/punim0614/andy/circuitSNP/models/models_seed=4/model(1+0)_replicate_8.h5
/data/projects/punim0614/andy/circuitSNP/models/models_seed=4/model(1+0)_replicate_9.h5
/data/projects/punim0614/andy/circuitSNP/models/models_seed=4/model(10+5)_replicate_0.h5
/data/projects/punim0614/andy/circuitSNP/models/models_seed=4/model(10+5)_replicate_1.h5
/data/projects/punim0614/andy/circuitSNP/models/models_seed=4/model(10+5)_replicate_2.h5
/data/projects/punim0614/andy/circuitSNP/models/models_seed=4/model(10+5)_replicate_3.h5
/data/projects/punim0614/andy/circuitSNP/models/models_seed=4/model(10+5)_replicate_4.h5
/data/projects/punim0614/andy/circuitSNP/models/models_seed=4/model(10+5)_replicate_5.h5
/data/projects/punim0614/andy/circuitSNP/models/models_seed=4/model(10+5)_replicate_6.h5
/data/projects/punim0614/andy/circuitSNP/models/models_seed=4/model(10+5)_replicate_7.h5
/data/projects/punim0614/andy/circuitSNP/models/models_seed=4/model(10+5)_replicate_8.h5
/data/projects/punim0614/andy/circuitSNP/models/models_seed=4/model(10+5)_replicate_9.h5
/data/projects/punim0614/andy/circuitSNP/models/models_seed=4/model(200+40)_replicate_0.h5
/data/projects/punim0614/andy/circuitSNP/models/models_seed=4/model(200+40)_replicate_1.h5
/data/projects/punim0614/andy/circuitSNP/models/models_seed=4/model(200+40)_replicate_2.h5
/data/projects/punim0614/andy/circuitSNP/models/models_seed=4/model(200+40)_replicate_3.h5
/data/projects/punim0614/andy/circuitSNP/models/models_seed=4/model(200+40)_replicate_4.h5
/data/projects/punim0614/andy/circuitSNP/models/models_seed=4/model(200+40)_replicate_5.h5
/data/projects/punim0614/andy/circuitSNP/models/models_seed=4/model(200+40)_replicate_6.h5
/data/projects/punim0614/andy/circuitSNP/models/models_seed=4/model(200+40)_replicate_7.h5
/data/projects/punim0614/andy/circuitSNP/models/models_seed=4/model(200+40)_replicate_8.h5
/data/projects/punim0614/andy/circuitSNP/models/models_seed=4/model(200+40)_replicate_9.h5
/data/projects/punim0614/andy/circuitSNP/models/models_seed=4/model(5+3)_replicate_0.h5
/data/projects/punim0614/andy/circuitSNP/models/models_seed=4/model(5+3)_replicate_1.h5
/data/projects/punim0614/andy/circuitSNP/models/models_seed=4/model(5+3)_replicate_2.h5
/data/projects/punim0614/andy/circuitSNP/models/models_seed=4/model(5+3)_replicate_3.h5
/data/projects/punim0614/andy/circuitSNP/models/models_seed=4/model(5+3)_replicate_4.h5
/data/projects/punim0614/andy/circuitSNP/models/models_seed=4/model(5+3)_replicate_5.h5
/data/projects/punim0614/andy/circuitSNP/models/models_seed=4/model(5+3)_replicate_6.h5
/data/projects/punim0614/andy/circuitSNP/models/models_seed=4/model(5+3)_replicate_7.h5
/data/projects/punim0614/andy/circuitSNP/models/models_seed=4/model(5+3)_replicate_8.h5
/data/projects/punim0614/andy/circuitSNP/models/models_seed=4/model(5+3)_replicate_9.h5
/data/projects/punim0614/andy/circuitSNP/models/models_seed=4/model(50+10)_replicate_0.h5
/data/projects/punim0614/andy/circuitSNP/models/models_seed=4/model(50+10)_replicate_1.h5
/data/projects/punim0614/andy/circuitSNP/models/models_seed=4/model(50+10)_replicate_2.h5
/data/projects/punim0614/andy/circuitSNP/models/models_seed=4/model(50+10)_replicate_3.h5
/data/projects/punim0614/andy/circuitSNP/models/models_seed=4/model(50+10)_replicate_4.h5
/data/projects/punim0614/andy/circuitSNP/models/models_seed=4/model(50+10)_replicate_5.h5
/data/projects/punim0614/andy/circuitSNP/models/models_seed=4/model(50+10)_replicate_6.h5
/data/projects/punim0614/andy/circuitSNP/models/models_seed=4/model(50+10)_replicate_7.h5
/data/projects/punim0614/andy/circuitSNP/models/models_seed=4/model(50+10)_replicate_8.h5
/data/projects/punim0614/andy/circuitSNP/models/models_seed=4/model(50+10)_replicate_9.h5
/data/projects/punim0614/andy/circuitSNP/models/models_seed=5/model(0+0)_replicate_0.h5
/data/projects/punim0614/andy/circuitSNP/models/models_seed=5/model(0+0)_replicate_1.h5
/data/projects/punim0614/andy/circuitSNP/models/models_seed=5/model(0+0)_replicate_2.h5
/data/projects/punim0614/andy/circuitSNP/models/models_seed=5/model(0+0)_replicate_3.h5
/data/projects/punim0614/andy/circuitSNP/models/models_seed=5/model(0+0)_replicate_4.h5
/data/projects/punim0614/andy/circuitSNP/models/models_seed=5/model(1+0)_replicate_0.h5
/data/projects/punim0614/andy/circuitSNP/models/models_seed=5/model(1+0)_replicate_1.h5
/data/projects/punim0614/andy/circuitSNP/models/models_seed=5/model(1+0)_replicate_2.h5
/data/projects/punim0614/andy/circuitSNP/models/models_seed=5/model(1+0)_replicate_3.h5
/data/projects/punim0614/andy/circuitSNP/models/models_seed=5/model(1+0)_replicate_4.h5
/data/projects/punim0614/andy/circuitSNP/models/models_seed=5/model(10+5)_replicate_0.h5
/data/projects/punim0614/andy/circuitSNP/models/models_seed=5/model(10+5)_replicate_1.h5
/data/projects/punim0614/andy/circuitSNP/models/models_seed=5/model(10+5)_replicate_2.h5
/data/projects/punim0614/andy/circuitSNP/models/models_seed=5/model(10+5)_replicate_3.h5
/data/projects/punim0614/andy/circuitSNP/models/models_seed=5/model(10+5)_replicate_4.h5
/data/projects/punim0614/andy/circuitSNP/models/models_seed=5/model(10+5)_replicate_5.h5
/data/projects/punim0614/andy/circuitSNP/models/models_seed=5/model(200+40)_replicate_0.h5
/data/projects/punim0614/andy/circuitSNP/models/models_seed=5/model(200+40)_replicate_1.h5
/data/projects/punim0614/andy/circuitSNP/models/models_seed=5/model(200+40)_replicate_2.h5
/data/projects/punim0614/andy/circuitSNP/models/models_seed=5/model(200+40)_replicate_3.h5
/data/projects/punim0614/andy/circuitSNP/models/models_seed=5/model(200+40)_replicate_4.h5
/data/projects/punim0614/andy/circuitSNP/models/models_seed=5/model(200+40)_replicate_5.h5
/data/projects/punim0614/andy/circuitSNP/models/models_seed=5/model(5+3)_replicate_0.h5
/data/projects/punim0614/andy/circuitSNP/models/models_seed=5/model(5+3)_replicate_1.h5
/data/projects/punim0614/andy/circuitSNP/models/models_seed=5/model(5+3)_replicate_2.h5
/data/projects/punim0614/andy/circuitSNP/models/models_seed=5/model(5+3)_replicate_3.h5
/data/projects/punim0614/andy/circuitSNP/models/models_seed=5/model(5+3)_replicate_4.h5
/data/projects/punim0614/andy/circuitSNP/models/models_seed=5/model(50+10)_replicate_0.h5
/data/projects/punim0614/andy/circuitSNP/models/models_seed=5/model(50+10)_replicate_1.h5
/data/projects/punim0614/andy/circuitSNP/models/models_seed=5/model(50+10)_replicate_2.h5
/data/projects/punim0614/andy/circuitSNP/models/models_seed=5/model(50+10)_replicate_3.h5
/data/projects/punim0614/andy/circuitSNP/models/models_seed=5/model(50+10)_replicate_4.h5
/data/projects/punim0614/andy/circuitSNP/models/models_seed=5/model(50+10)_replicate_5.h5
/data/projects/punim0614/andy/circuitSNP/models/models_seed=6/model(0+0)_replicate_0.h5
/data/projects/punim0614/andy/circuitSNP/models/models_seed=6/model(0+0)_replicate_1.h5
/data/projects/punim0614/andy/circuitSNP/models/models_seed=6/model(0+0)_replicate_2.h5
/data/projects/punim0614/andy/circuitSNP/models/models_seed=6/model(0+0)_replicate_3.h5
/data/projects/punim0614/andy/circuitSNP/models/models_seed=6/model(0+0)_replicate_4.h5
/data/projects/punim0614/andy/circuitSNP/models/models_seed=6/model(0+0)_replicate_5.h5
/data/projects/punim0614/andy/circuitSNP/models/models_seed=6/model(0+0)_replicate_6.h5
/data/projects/punim0614/andy/circuitSNP/models/models_seed=6/model(0+0)_replicate_7.h5
/data/projects/punim0614/andy/circuitSNP/models/models_seed=6/model(0+0)_replicate_8.h5
/data/projects/punim0614/andy/circuitSNP/models/models_seed=6/model(0+0)_replicate_9.h5
/data/projects/punim0614/andy/circuitSNP/models/models_seed=6/model(1+0)_replicate_0.h5
/data/projects/punim0614/andy/circuitSNP/models/models_seed=6/model(1+0)_replicate_1.h5
/data/projects/punim0614/andy/circuitSNP/models/models_seed=6/model(1+0)_replicate_2.h5
/data/projects/punim0614/andy/circuitSNP/models/models_seed=6/model(1+0)_replicate_3.h5
/data/projects/punim0614/andy/circuitSNP/models/models_seed=6/model(1+0)_replicate_4.h5
/data/projects/punim0614/andy/circuitSNP/models/models_seed=6/model(1+0)_replicate_5.h5
/data/projects/punim0614/andy/circuitSNP/models/models_seed=6/model(1+0)_replicate_6.h5
/data/projects/punim0614/andy/circuitSNP/models/models_seed=6/model(1+0)_replicate_7.h5
/data/projects/punim0614/andy/circuitSNP/models/models_seed=6/model(1+0)_replicate_8.h5
/data/projects/punim0614/andy/circuitSNP/models/models_seed=6/model(1+0)_replicate_9.h5
/data/projects/punim0614/andy/circuitSNP/models/models_seed=6/model(10+5)_replicate_0.h5
/data/projects/punim0614/andy/circuitSNP/models/models_seed=6/model(10+5)_replicate_1.h5
/data/projects/punim0614/andy/circuitSNP/models/models_seed=6/model(10+5)_replicate_2.h5
/data/projects/punim0614/andy/circuitSNP/models/models_seed=6/model(10+5)_replicate_3.h5
/data/projects/punim0614/andy/circuitSNP/models/models_seed=6/model(10+5)_replicate_4.h5
/data/projects/punim0614/andy/circuitSNP/models/models_seed=6/model(10+5)_replicate_5.h5
/data/projects/punim0614/andy/circuitSNP/models/models_seed=6/model(10+5)_replicate_6.h5
/data/projects/punim0614/andy/circuitSNP/models/models_seed=6/model(10+5)_replicate_7.h5
/data/projects/punim0614/andy/circuitSNP/models/models_seed=6/model(10+5)_replicate_8.h5
/data/projects/punim0614/andy/circuitSNP/models/models_seed=6/model(10+5)_replicate_9.h5
/data/projects/punim0614/andy/circuitSNP/models/models_seed=6/model(200+40)_replicate_0.h5
/data/projects/punim0614/andy/circuitSNP/models/models_seed=6/model(200+40)_replicate_1.h5
/data/projects/punim0614/andy/circuitSNP/models/models_seed=6/model(200+40)_replicate_2.h5
/data/projects/punim0614/andy/circuitSNP/models/models_seed=6/model(200+40)_replicate_3.h5
/data/projects/punim0614/andy/circuitSNP/models/models_seed=6/model(200+40)_replicate_4.h5
/data/projects/punim0614/andy/circuitSNP/models/models_seed=6/model(200+40)_replicate_5.h5
/data/projects/punim0614/andy/circuitSNP/models/models_seed=6/model(200+40)_replicate_6.h5
/data/projects/punim0614/andy/circuitSNP/models/models_seed=6/model(200+40)_replicate_7.h5
/data/projects/punim0614/andy/circuitSNP/models/models_seed=6/model(200+40)_replicate_8.h5
/data/projects/punim0614/andy/circuitSNP/models/models_seed=6/model(200+40)_replicate_9.h5
/data/projects/punim0614/andy/circuitSNP/models/models_seed=6/model(5+3)_replicate_0.h5
/data/projects/punim0614/andy/circuitSNP/models/models_seed=6/model(5+3)_replicate_1.h5
/data/projects/punim0614/andy/circuitSNP/models/models_seed=6/model(5+3)_replicate_2.h5
/data/projects/punim0614/andy/circuitSNP/models/models_seed=6/model(5+3)_replicate_3.h5
/data/projects/punim0614/andy/circuitSNP/models/models_seed=6/model(5+3)_replicate_4.h5
/data/projects/punim0614/andy/circuitSNP/models/models_seed=6/model(5+3)_replicate_5.h5
/data/projects/punim0614/andy/circuitSNP/models/models_seed=6/model(5+3)_replicate_6.h5
/data/projects/punim0614/andy/circuitSNP/models/models_seed=6/model(5+3)_replicate_7.h5
/data/projects/punim0614/andy/circuitSNP/models/models_seed=6/model(5+3)_replicate_8.h5
/data/projects/punim0614/andy/circuitSNP/models/models_seed=6/model(5+3)_replicate_9.h5
/data/projects/punim0614/andy/circuitSNP/models/models_seed=6/model(50+10)_replicate_0.h5
/data/projects/punim0614/andy/circuitSNP/models/models_seed=6/model(50+10)_replicate_1.h5
/data/projects/punim0614/andy/circuitSNP/models/models_seed=6/model(50+10)_replicate_2.h5
/data/projects/punim0614/andy/circuitSNP/models/models_seed=6/model(50+10)_replicate_3.h5
/data/projects/punim0614/andy/circuitSNP/models/models_seed=6/model(50+10)_replicate_4.h5
/data/projects/punim0614/andy/circuitSNP/models/models_seed=6/model(50+10)_replicate_5.h5
/data/projects/punim0614/andy/circuitSNP/models/models_seed=6/model(50+10)_replicate_6.h5
/data/projects/punim0614/andy/circuitSNP/models/models_seed=6/model(50+10)_replicate_7.h5
/data/projects/punim0614/andy/circuitSNP/models/models_seed=6/model(50+10)_replicate_8.h5
/data/projects/punim0614/andy/circuitSNP/models/models_seed=6/model(50+10)_replicate_9.h5
/data/projects/punim0614/andy/circuitSNP/models/models_seed=7/model(0+0)_replicate_0.h5
/data/projects/punim0614/andy/circuitSNP/models/models_seed=7/model(0+0)_replicate_1.h5
/data/projects/punim0614/andy/circuitSNP/models/models_seed=7/model(0+0)_replicate_2.h5
/data/projects/punim0614/andy/circuitSNP/models/models_seed=7/model(0+0)_replicate_3.h5
/data/projects/punim0614/andy/circuitSNP/models/models_seed=7/model(0+0)_replicate_4.h5
/data/projects/punim0614/andy/circuitSNP/models/models_seed=7/model(0+0)_replicate_5.h5
/data/projects/punim0614/andy/circuitSNP/models/models_seed=7/model(0+0)_replicate_6.h5
/data/projects/punim0614/andy/circuitSNP/models/models_seed=7/model(0+0)_replicate_7.h5
/data/projects/punim0614/andy/circuitSNP/models/models_seed=7/model(0+0)_replicate_8.h5
/data/projects/punim0614/andy/circuitSNP/models/models_seed=7/model(0+0)_replicate_9.h5
/data/projects/punim0614/andy/circuitSNP/models/models_seed=7/model(1+0)_replicate_0.h5
/data/projects/punim0614/andy/circuitSNP/models/models_seed=7/model(1+0)_replicate_1.h5
/data/projects/punim0614/andy/circuitSNP/models/models_seed=7/model(1+0)_replicate_2.h5
/data/projects/punim0614/andy/circuitSNP/models/models_seed=7/model(1+0)_replicate_3.h5
/data/projects/punim0614/andy/circuitSNP/models/models_seed=7/model(1+0)_replicate_4.h5
/data/projects/punim0614/andy/circuitSNP/models/models_seed=7/model(1+0)_replicate_5.h5
/data/projects/punim0614/andy/circuitSNP/models/models_seed=7/model(1+0)_replicate_6.h5
/data/projects/punim0614/andy/circuitSNP/models/models_seed=7/model(1+0)_replicate_7.h5
/data/projects/punim0614/andy/circuitSNP/models/models_seed=7/model(1+0)_replicate_8.h5
/data/projects/punim0614/andy/circuitSNP/models/models_seed=7/model(1+0)_replicate_9.h5
/data/projects/punim0614/andy/circuitSNP/models/models_seed=7/model(10+5)_replicate_0.h5
/data/projects/punim0614/andy/circuitSNP/models/models_seed=7/model(10+5)_replicate_1.h5
/data/projects/punim0614/andy/circuitSNP/models/models_seed=7/model(10+5)_replicate_2.h5
/data/projects/punim0614/andy/circuitSNP/models/models_seed=7/model(10+5)_replicate_3.h5
/data/projects/punim0614/andy/circuitSNP/models/models_seed=7/model(10+5)_replicate_4.h5
/data/projects/punim0614/andy/circuitSNP/models/models_seed=7/model(10+5)_replicate_5.h5
/data/projects/punim0614/andy/circuitSNP/models/models_seed=7/model(10+5)_replicate_6.h5
/data/projects/punim0614/andy/circuitSNP/models/models_seed=7/model(10+5)_replicate_7.h5
/data/projects/punim0614/andy/circuitSNP/models/models_seed=7/model(10+5)_replicate_8.h5
/data/projects/punim0614/andy/circuitSNP/models/models_seed=7/model(10+5)_replicate_9.h5
/data/projects/punim0614/andy/circuitSNP/models/models_seed=7/model(200+40)_replicate_0.h5
/data/projects/punim0614/andy/circuitSNP/models/models_seed=7/model(200+40)_replicate_1.h5
/data/projects/punim0614/andy/circuitSNP/models/models_seed=7/model(200+40)_replicate_2.h5
/data/projects/punim0614/andy/circuitSNP/models/models_seed=7/model(200+40)_replicate_3.h5
/data/projects/punim0614/andy/circuitSNP/models/models_seed=7/model(200+40)_replicate_4.h5
/data/projects/punim0614/andy/circuitSNP/models/models_seed=7/model(200+40)_replicate_5.h5
/data/projects/punim0614/andy/circuitSNP/models/models_seed=7/model(200+40)_replicate_6.h5
/data/projects/punim0614/andy/circuitSNP/models/models_seed=7/model(200+40)_replicate_7.h5
/data/projects/punim0614/andy/circuitSNP/models/models_seed=7/model(200+40)_replicate_8.h5
/data/projects/punim0614/andy/circuitSNP/models/models_seed=7/model(200+40)_replicate_9.h5
/data/projects/punim0614/andy/circuitSNP/models/models_seed=7/model(5+3)_replicate_0.h5
/data/projects/punim0614/andy/circuitSNP/models/models_seed=7/model(5+3)_replicate_1.h5
/data/projects/punim0614/andy/circuitSNP/models/models_seed=7/model(5+3)_replicate_2.h5
/data/projects/punim0614/andy/circuitSNP/models/models_seed=7/model(5+3)_replicate_3.h5
/data/projects/punim0614/andy/circuitSNP/models/models_seed=7/model(5+3)_replicate_4.h5
/data/projects/punim0614/andy/circuitSNP/models/models_seed=7/model(5+3)_replicate_5.h5
/data/projects/punim0614/andy/circuitSNP/models/models_seed=7/model(5+3)_replicate_6.h5
/data/projects/punim0614/andy/circuitSNP/models/models_seed=7/model(5+3)_replicate_7.h5
/data/projects/punim0614/andy/circuitSNP/models/models_seed=7/model(5+3)_replicate_8.h5
/data/projects/punim0614/andy/circuitSNP/models/models_seed=7/model(5+3)_replicate_9.h5
/data/projects/punim0614/andy/circuitSNP/models/models_seed=7/model(50+10)_replicate_0.h5
/data/projects/punim0614/andy/circuitSNP/models/models_seed=7/model(50+10)_replicate_1.h5
/data/projects/punim0614/andy/circuitSNP/models/models_seed=7/model(50+10)_replicate_2.h5
/data/projects/punim0614/andy/circuitSNP/models/models_seed=7/model(50+10)_replicate_3.h5
/data/projects/punim0614/andy/circuitSNP/models/models_seed=7/model(50+10)_replicate_4.h5
/data/projects/punim0614/andy/circuitSNP/models/models_seed=7/model(50+10)_replicate_5.h5
/data/projects/punim0614/andy/circuitSNP/models/models_seed=7/model(50+10)_replicate_6.h5
/data/projects/punim0614/andy/circuitSNP/models/models_seed=7/model(50+10)_replicate_7.h5
/data/projects/punim0614/andy/circuitSNP/models/models_seed=7/model(50+10)_replicate_8.h5
/data/projects/punim0614/andy/circuitSNP/models/models_seed=7/model(50+10)_replicate_9.h5
/data/projects/punim0614/andy/circuitSNP/models/models_seed=8/model(0+0)_replicate_0.h5
/data/projects/punim0614/andy/circuitSNP/models/models_seed=8/model(0+0)_replicate_1.h5
/data/projects/punim0614/andy/circuitSNP/models/models_seed=8/model(0+0)_replicate_2.h5
/data/projects/punim0614/andy/circuitSNP/models/models_seed=8/model(0+0)_replicate_3.h5
/data/projects/punim0614/andy/circuitSNP/models/models_seed=8/model(0+0)_replicate_4.h5
/data/projects/punim0614/andy/circuitSNP/models/models_seed=8/model(0+0)_replicate_5.h5
/data/projects/punim0614/andy/circuitSNP/models/models_seed=8/model(0+0)_replicate_6.h5
/data/projects/punim0614/andy/circuitSNP/models/models_seed=8/model(0+0)_replicate_7.h5
/data/projects/punim0614/andy/circuitSNP/models/models_seed=8/model(0+0)_replicate_8.h5
/data/projects/punim0614/andy/circuitSNP/models/models_seed=8/model(0+0)_replicate_9.h5
/data/projects/punim0614/andy/circuitSNP/models/models_seed=8/model(1+0)_replicate_0.h5
/data/projects/punim0614/andy/circuitSNP/models/models_seed=8/model(1+0)_replicate_1.h5
/data/projects/punim0614/andy/circuitSNP/models/models_seed=8/model(1+0)_replicate_2.h5
/data/projects/punim0614/andy/circuitSNP/models/models_seed=8/model(1+0)_replicate_3.h5
/data/projects/punim0614/andy/circuitSNP/models/models_seed=8/model(1+0)_replicate_4.h5
/data/projects/punim0614/andy/circuitSNP/models/models_seed=8/model(1+0)_replicate_5.h5
/data/projects/punim0614/andy/circuitSNP/models/models_seed=8/model(1+0)_replicate_6.h5
/data/projects/punim0614/andy/circuitSNP/models/models_seed=8/model(1+0)_replicate_7.h5
/data/projects/punim0614/andy/circuitSNP/models/models_seed=8/model(1+0)_replicate_8.h5
/data/projects/punim0614/andy/circuitSNP/models/models_seed=8/model(1+0)_replicate_9.h5
/data/projects/punim0614/andy/circuitSNP/models/models_seed=8/model(10+5)_replicate_0.h5
/data/projects/punim0614/andy/circuitSNP/models/models_seed=8/model(10+5)_replicate_1.h5
/data/projects/punim0614/andy/circuitSNP/models/models_seed=8/model(10+5)_replicate_2.h5
/data/projects/punim0614/andy/circuitSNP/models/models_seed=8/model(10+5)_replicate_3.h5
/data/projects/punim0614/andy/circuitSNP/models/models_seed=8/model(10+5)_replicate_4.h5
/data/projects/punim0614/andy/circuitSNP/models/models_seed=8/model(10+5)_replicate_5.h5
/data/projects/punim0614/andy/circuitSNP/models/models_seed=8/model(10+5)_replicate_6.h5
/data/projects/punim0614/andy/circuitSNP/models/models_seed=8/model(10+5)_replicate_7.h5
/data/projects/punim0614/andy/circuitSNP/models/models_seed=8/model(10+5)_replicate_8.h5
/data/projects/punim0614/andy/circuitSNP/models/models_seed=8/model(10+5)_replicate_9.h5
/data/projects/punim0614/andy/circuitSNP/models/models_seed=8/model(200+40)_replicate_0.h5
/data/projects/punim0614/andy/circuitSNP/models/models_seed=8/model(200+40)_replicate_1.h5
/data/projects/punim0614/andy/circuitSNP/models/models_seed=8/model(200+40)_replicate_2.h5
/data/projects/punim0614/andy/circuitSNP/models/models_seed=8/model(200+40)_replicate_3.h5
/data/projects/punim0614/andy/circuitSNP/models/models_seed=8/model(200+40)_replicate_4.h5
/data/projects/punim0614/andy/circuitSNP/models/models_seed=8/model(200+40)_replicate_5.h5
/data/projects/punim0614/andy/circuitSNP/models/models_seed=8/model(200+40)_replicate_6.h5
/data/projects/punim0614/andy/circuitSNP/models/models_seed=8/model(200+40)_replicate_7.h5
/data/projects/punim0614/andy/circuitSNP/models/models_seed=8/model(200+40)_replicate_8.h5
/data/projects/punim0614/andy/circuitSNP/models/models_seed=8/model(200+40)_replicate_9.h5
/data/projects/punim0614/andy/circuitSNP/models/models_seed=8/model(5+3)_replicate_0.h5
/data/projects/punim0614/andy/circuitSNP/models/models_seed=8/model(5+3)_replicate_1.h5
/data/projects/punim0614/andy/circuitSNP/models/models_seed=8/model(5+3)_replicate_2.h5
/data/projects/punim0614/andy/circuitSNP/models/models_seed=8/model(5+3)_replicate_3.h5
/data/projects/punim0614/andy/circuitSNP/models/models_seed=8/model(5+3)_replicate_4.h5
/data/projects/punim0614/andy/circuitSNP/models/models_seed=8/model(5+3)_replicate_5.h5
/data/projects/punim0614/andy/circuitSNP/models/models_seed=8/model(5+3)_replicate_6.h5
/data/projects/punim0614/andy/circuitSNP/models/models_seed=8/model(5+3)_replicate_7.h5
/data/projects/punim0614/andy/circuitSNP/models/models_seed=8/model(5+3)_replicate_8.h5
/data/projects/punim0614/andy/circuitSNP/models/models_seed=8/model(5+3)_replicate_9.h5
/data/projects/punim0614/andy/circuitSNP/models/models_seed=8/model(50+10)_replicate_0.h5
/data/projects/punim0614/andy/circuitSNP/models/models_seed=8/model(50+10)_replicate_1.h5
/data/projects/punim0614/andy/circuitSNP/models/models_seed=8/model(50+10)_replicate_2.h5
/data/projects/punim0614/andy/circuitSNP/models/models_seed=8/model(50+10)_replicate_3.h5
/data/projects/punim0614/andy/circuitSNP/models/models_seed=8/model(50+10)_replicate_4.h5
/data/projects/punim0614/andy/circuitSNP/models/models_seed=8/model(50+10)_replicate_5.h5
/data/projects/punim0614/andy/circuitSNP/models/models_seed=8/model(50+10)_replicate_6.h5
/data/projects/punim0614/andy/circuitSNP/models/models_seed=8/model(50+10)_replicate_7.h5
/data/projects/punim0614/andy/circuitSNP/models/models_seed=8/model(50+10)_replicate_8.h5
/data/projects/punim0614/andy/circuitSNP/models/models_seed=8/model(50+10)_replicate_9.h5
/data/projects/punim0614/andy/circuitSNP/models/models_seed=9/model(0+0)_replicate_0.h5
/data/projects/punim0614/andy/circuitSNP/models/models_seed=9/model(0+0)_replicate_1.h5
/data/projects/punim0614/andy/circuitSNP/models/models_seed=9/model(0+0)_replicate_2.h5
/data/projects/punim0614/andy/circuitSNP/models/models_seed=9/model(0+0)_replicate_3.h5
/data/projects/punim0614/andy/circuitSNP/models/models_seed=9/model(0+0)_replicate_4.h5
/data/projects/punim0614/andy/circuitSNP/models/models_seed=9/model(0+0)_replicate_5.h5
/data/projects/punim0614/andy/circuitSNP/models/models_seed=9/model(0+0)_replicate_6.h5
/data/projects/punim0614/andy/circuitSNP/models/models_seed=9/model(0+0)_replicate_7.h5
/data/projects/punim0614/andy/circuitSNP/models/models_seed=9/model(0+0)_replicate_8.h5
/data/projects/punim0614/andy/circuitSNP/models/models_seed=9/model(0+0)_replicate_9.h5
/data/projects/punim0614/andy/circuitSNP/models/models_seed=9/model(1+0)_replicate_0.h5
/data/projects/punim0614/andy/circuitSNP/models/models_seed=9/model(1+0)_replicate_1.h5
/data/projects/punim0614/andy/circuitSNP/models/models_seed=9/model(1+0)_replicate_2.h5
/data/projects/punim0614/andy/circuitSNP/models/models_seed=9/model(1+0)_replicate_3.h5
/data/projects/punim0614/andy/circuitSNP/models/models_seed=9/model(1+0)_replicate_4.h5
/data/projects/punim0614/andy/circuitSNP/models/models_seed=9/model(1+0)_replicate_5.h5
/data/projects/punim0614/andy/circuitSNP/models/models_seed=9/model(1+0)_replicate_6.h5
/data/projects/punim0614/andy/circuitSNP/models/models_seed=9/model(1+0)_replicate_7.h5
/data/projects/punim0614/andy/circuitSNP/models/models_seed=9/model(1+0)_replicate_8.h5
/data/projects/punim0614/andy/circuitSNP/models/models_seed=9/model(1+0)_replicate_9.h5
/data/projects/punim0614/andy/circuitSNP/models/models_seed=9/model(10+5)_replicate_0.h5
/data/projects/punim0614/andy/circuitSNP/models/models_seed=9/model(10+5)_replicate_1.h5
/data/projects/punim0614/andy/circuitSNP/models/models_seed=9/model(10+5)_replicate_2.h5
/data/projects/punim0614/andy/circuitSNP/models/models_seed=9/model(10+5)_replicate_3.h5
/data/projects/punim0614/andy/circuitSNP/models/models_seed=9/model(10+5)_replicate_4.h5
/data/projects/punim0614/andy/circuitSNP/models/models_seed=9/model(10+5)_replicate_5.h5
/data/projects/punim0614/andy/circuitSNP/models/models_seed=9/model(10+5)_replicate_6.h5
/data/projects/punim0614/andy/circuitSNP/models/models_seed=9/model(10+5)_replicate_7.h5
/data/projects/punim0614/andy/circuitSNP/models/models_seed=9/model(10+5)_replicate_8.h5
/data/projects/punim0614/andy/circuitSNP/models/models_seed=9/model(10+5)_replicate_9.h5
/data/projects/punim0614/andy/circuitSNP/models/models_seed=9/model(200+40)_replicate_0.h5
/data/projects/punim0614/andy/circuitSNP/models/models_seed=9/model(200+40)_replicate_1.h5
/data/projects/punim0614/andy/circuitSNP/models/models_seed=9/model(200+40)_replicate_2.h5
/data/projects/punim0614/andy/circuitSNP/models/models_seed=9/model(200+40)_replicate_3.h5
/data/projects/punim0614/andy/circuitSNP/models/models_seed=9/model(200+40)_replicate_4.h5
/data/projects/punim0614/andy/circuitSNP/models/models_seed=9/model(200+40)_replicate_5.h5
/data/projects/punim0614/andy/circuitSNP/models/models_seed=9/model(200+40)_replicate_6.h5
/data/projects/punim0614/andy/circuitSNP/models/models_seed=9/model(200+40)_replicate_7.h5
/data/projects/punim0614/andy/circuitSNP/models/models_seed=9/model(200+40)_replicate_8.h5
/data/projects/punim0614/andy/circuitSNP/models/models_seed=9/model(200+40)_replicate_9.h5
/data/projects/punim0614/andy/circuitSNP/models/models_seed=9/model(5+3)_replicate_0.h5
/data/projects/punim0614/andy/circuitSNP/models/models_seed=9/model(5+3)_replicate_1.h5
/data/projects/punim0614/andy/circuitSNP/models/models_seed=9/model(5+3)_replicate_2.h5
/data/projects/punim0614/andy/circuitSNP/models/models_seed=9/model(5+3)_replicate_3.h5
/data/projects/punim0614/andy/circuitSNP/models/models_seed=9/model(5+3)_replicate_4.h5
/data/projects/punim0614/andy/circuitSNP/models/models_seed=9/model(5+3)_replicate_5.h5
/data/projects/punim0614/andy/circuitSNP/models/models_seed=9/model(5+3)_replicate_6.h5
/data/projects/punim0614/andy/circuitSNP/models/models_seed=9/model(5+3)_replicate_7.h5
/data/projects/punim0614/andy/circuitSNP/models/models_seed=9/model(5+3)_replicate_8.h5
/data/projects/punim0614/andy/circuitSNP/models/models_seed=9/model(5+3)_replicate_9.h5
/data/projects/punim0614/andy/circuitSNP/models/models_seed=9/model(50+10)_replicate_0.h5
/data/projects/punim0614/andy/circuitSNP/models/models_seed=9/model(50+10)_replicate_1.h5
/data/projects/punim0614/andy/circuitSNP/models/models_seed=9/model(50+10)_replicate_2.h5
/data/projects/punim0614/andy/circuitSNP/models/models_seed=9/model(50+10)_replicate_3.h5
/data/projects/punim0614/andy/circuitSNP/models/models_seed=9/model(50+10)_replicate_4.h5
/data/projects/punim0614/andy/circuitSNP/models/models_seed=9/model(50+10)_replicate_5.h5
/data/projects/punim0614/andy/circuitSNP/models/models_seed=9/model(50+10)_replicate_6.h5
/data/projects/punim0614/andy/circuitSNP/models/models_seed=9/model(50+10)_replicate_7.h5
/data/projects/punim0614/andy/circuitSNP/models/models_seed=9/model(50+10)_replicate_8.h5
/data/projects/punim0614/andy/circuitSNP/models/models_seed=9/model(50+10)_replicate_9.h5
